<?xml version="1.0" encoding="UTF-8"?>
<testng-results skipped="0" failed="0" ignored="0" total="1" passed="1">
  <reporter-output>
  </reporter-output>
  <suite name="Default suite" duration-ms="85228" started-at="2020-03-01T14:05:39 IST" finished-at="2020-03-01T14:07:05 IST">
    <groups>
    </groups>
    <test name="Default test" duration-ms="85228" started-at="2020-03-01T14:05:39 IST" finished-at="2020-03-01T14:07:05 IST">
      <class name="TestNGAnnotation.HandleIframework">
        <test-method status="PASS" signature="test1()[pri:0, instance:TestNGAnnotation.HandleIframework@18eed359]" name="test1" duration-ms="84827" started-at="2020-03-01T14:05:40 IST" finished-at="2020-03-01T14:07:04 IST">
          <reporter-output>
          </reporter-output>
        </test-method> <!-- test1 -->
      </class> <!-- TestNGAnnotation.HandleIframework -->
    </test> <!-- Default test -->
  </suite> <!-- Default suite -->
</testng-results>
