<?xml version="1.0" encoding="UTF-8"?>
<!-- Generated by org.testng.reporters.JUnitXMLReporter -->
<testsuite hostname="Arun-PC" ignored="0" name="Default test" tests="3" failures="0" timestamp="2020-02-29T12:53:05 IST" time="0.087" errors="0">
  <testcase name="test1" time="0.009" classname="TestNGAnnotation.Truck"/>
  <testcase name="test2" time="0.003" classname="TestNGAnnotation.Truck"/>
  <testcase name="test3" time="0.002" classname="TestNGAnnotation.Truck"/>
</testsuite> <!-- Default test -->
