<?xml version="1.0" encoding="UTF-8"?>
<!-- Generated by org.testng.reporters.JUnitXMLReporter -->
<testsuite hostname="Arun-PC" ignored="0" name="Automobile Test" tests="3" failures="1" timestamp="2020-02-29T13:02:51 IST" time="0.094" errors="0">
  <testcase name="login" time="0.012" classname="TestNGAnnotation.Automobile">
    <failure type="java.lang.ArithmeticException" message="/ by zero">
      <![CDATA[java.lang.ArithmeticException: / by zero
at TestNGAnnotation.Automobile.login(Automobile.java:64)
at java.util.ArrayList.forEach(Unknown Source)
... Removed 27 stack frames]]>
    </failure>
  </testcase> <!-- login -->
  <testcase name="Logout" time="0.0" classname="TestNGAnnotation.Automobile">
    <skipped/>
  </testcase> <!-- Logout -->
  <testcase name="verifyHomepage" time="0.0" classname="TestNGAnnotation.Automobile">
    <skipped/>
  </testcase> <!-- verifyHomepage -->
</testsuite> <!-- Automobile Test -->
