<?xml version="1.0" encoding="UTF-8"?>
<!-- Generated by org.testng.reporters.JUnitXMLReporter -->
<testsuite hostname="Arun-PC" ignored="0" name="Truck Test" tests="3" failures="0" timestamp="2020-02-29T13:02:51 IST" time="0.02" errors="0">
  <testcase name="test1" time="0.001" classname="TestNGAnnotation.Truck"/>
  <testcase name="test2" time="0.002" classname="TestNGAnnotation.Truck"/>
  <testcase name="test3" time="0.001" classname="TestNGAnnotation.Truck"/>
</testsuite> <!-- Truck Test -->
