<?xml version="1.0" encoding="UTF-8"?>
<!-- Generated by org.testng.reporters.JUnitXMLReporter -->
<testsuite hostname="Arun-PC" ignored="0" name="Test" tests="3" failures="1" timestamp="2020-02-29T11:40:24 IST" time="0.085" errors="0">
  <testcase name="login" time="0.02" classname="TestNGAnnotation.FirsttestNGClass">
    <failure type="java.lang.ArithmeticException" message="/ by zero">
      <![CDATA[java.lang.ArithmeticException: / by zero
at TestNGAnnotation.FirsttestNGClass.login(FirsttestNGClass.java:17)
at java.util.ArrayList.forEach(Unknown Source)
... Removed 27 stack frames]]>
    </failure>
  </testcase> <!-- login -->
  <testcase name="Logout" time="0.0" classname="TestNGAnnotation.FirsttestNGClass">
    <skipped/>
  </testcase> <!-- Logout -->
  <testcase name="verifyHomepage" time="0.0" classname="TestNGAnnotation.FirsttestNGClass">
    <skipped/>
  </testcase> <!-- verifyHomepage -->
</testsuite> <!-- Test -->
